Performing C SOURCE FILE Test CMAKE_HAVE_LIBC_PTHREAD failed with the following output:
Change Dir: /home/lorenzo/OneDrive/PhD/Code/DART/build/CMakeFiles/CMakeTmp

Run Build Command(s):/usr/bin/make cmTC_8557f/fast && /usr/bin/make -f CMakeFiles/cmTC_8557f.dir/build.make CMakeFiles/cmTC_8557f.dir/build
make[1]: Entering directory '/home/lorenzo/OneDrive/PhD/Code/DART/build/CMakeFiles/CMakeTmp'
Building C object CMakeFiles/cmTC_8557f.dir/src.c.o
/usr/bin/cc   -DCMAKE_HAVE_LIBC_PTHREAD   -o CMakeFiles/cmTC_8557f.dir/src.c.o   -c /home/lorenzo/OneDrive/PhD/Code/DART/build/CMakeFiles/CMakeTmp/src.c
Linking C executable cmTC_8557f
/usr/bin/cmake -E cmake_link_script CMakeFiles/cmTC_8557f.dir/link.txt --verbose=1
/usr/bin/cc  -DCMAKE_HAVE_LIBC_PTHREAD    -rdynamic CMakeFiles/cmTC_8557f.dir/src.c.o  -o cmTC_8557f 
/usr/bin/ld: CMakeFiles/cmTC_8557f.dir/src.c.o: in function `main':
src.c:(.text+0x46): undefined reference to `pthread_create'
/usr/bin/ld: src.c:(.text+0x52): undefined reference to `pthread_detach'
/usr/bin/ld: src.c:(.text+0x63): undefined reference to `pthread_join'
collect2: error: ld returned 1 exit status
make[1]: *** [CMakeFiles/cmTC_8557f.dir/build.make:87: cmTC_8557f] Error 1
make[1]: Leaving directory '/home/lorenzo/OneDrive/PhD/Code/DART/build/CMakeFiles/CMakeTmp'
make: *** [Makefile:121: cmTC_8557f/fast] Error 2


Source file was:
#include <pthread.h>

void* test_func(void* data)
{
  return data;
}

int main(void)
{
  pthread_t thread;
  pthread_create(&thread, NULL, test_func, NULL);
  pthread_detach(thread);
  pthread_join(thread, NULL);
  pthread_atfork(NULL, NULL, NULL);
  pthread_exit(NULL);

  return 0;
}

Determining if the function pthread_create exists in the pthreads failed with the following output:
Change Dir: /home/lorenzo/OneDrive/PhD/Code/DART/build/CMakeFiles/CMakeTmp

Run Build Command(s):/usr/bin/make cmTC_75ba6/fast && /usr/bin/make -f CMakeFiles/cmTC_75ba6.dir/build.make CMakeFiles/cmTC_75ba6.dir/build
make[1]: Entering directory '/home/lorenzo/OneDrive/PhD/Code/DART/build/CMakeFiles/CMakeTmp'
Building C object CMakeFiles/cmTC_75ba6.dir/CheckFunctionExists.c.o
/usr/bin/cc   -DCHECK_FUNCTION_EXISTS=pthread_create   -o CMakeFiles/cmTC_75ba6.dir/CheckFunctionExists.c.o   -c /usr/share/cmake-3.16/Modules/CheckFunctionExists.c
Linking C executable cmTC_75ba6
/usr/bin/cmake -E cmake_link_script CMakeFiles/cmTC_75ba6.dir/link.txt --verbose=1
/usr/bin/cc  -DCHECK_FUNCTION_EXISTS=pthread_create    -rdynamic CMakeFiles/cmTC_75ba6.dir/CheckFunctionExists.c.o  -o cmTC_75ba6  -lpthreads 
/usr/bin/ld: cannot find -lpthreads
collect2: error: ld returned 1 exit status
make[1]: *** [CMakeFiles/cmTC_75ba6.dir/build.make:87: cmTC_75ba6] Error 1
make[1]: Leaving directory '/home/lorenzo/OneDrive/PhD/Code/DART/build/CMakeFiles/CMakeTmp'
make: *** [Makefile:121: cmTC_75ba6/fast] Error 2



Performing C SOURCE FILE Test CMAKE_HAVE_LIBC_PTHREAD failed with the following output:
Change Dir: /home/lorenzo/OneDrive/PhD/Code/DART/build/CMakeFiles/CMakeTmp

Run Build Command(s):/usr/bin/make cmTC_0b35b/fast && /usr/bin/make -f CMakeFiles/cmTC_0b35b.dir/build.make CMakeFiles/cmTC_0b35b.dir/build
make[1]: Entering directory '/home/lorenzo/OneDrive/PhD/Code/DART/build/CMakeFiles/CMakeTmp'
Building C object CMakeFiles/cmTC_0b35b.dir/src.c.o
/usr/bin/cc   -DCMAKE_HAVE_LIBC_PTHREAD   -o CMakeFiles/cmTC_0b35b.dir/src.c.o   -c /home/lorenzo/OneDrive/PhD/Code/DART/build/CMakeFiles/CMakeTmp/src.c
Linking C executable cmTC_0b35b
/usr/bin/cmake -E cmake_link_script CMakeFiles/cmTC_0b35b.dir/link.txt --verbose=1
/usr/bin/cc  -DCMAKE_HAVE_LIBC_PTHREAD    -rdynamic CMakeFiles/cmTC_0b35b.dir/src.c.o  -o cmTC_0b35b 
/usr/bin/ld: CMakeFiles/cmTC_0b35b.dir/src.c.o: in function `main':
src.c:(.text+0x46): undefined reference to `pthread_create'
/usr/bin/ld: src.c:(.text+0x52): undefined reference to `pthread_detach'
/usr/bin/ld: src.c:(.text+0x63): undefined reference to `pthread_join'
collect2: error: ld returned 1 exit status
make[1]: *** [CMakeFiles/cmTC_0b35b.dir/build.make:87: cmTC_0b35b] Error 1
make[1]: Leaving directory '/home/lorenzo/OneDrive/PhD/Code/DART/build/CMakeFiles/CMakeTmp'
make: *** [Makefile:121: cmTC_0b35b/fast] Error 2


Source file was:
#include <pthread.h>

void* test_func(void* data)
{
  return data;
}

int main(void)
{
  pthread_t thread;
  pthread_create(&thread, NULL, test_func, NULL);
  pthread_detach(thread);
  pthread_join(thread, NULL);
  pthread_atfork(NULL, NULL, NULL);
  pthread_exit(NULL);

  return 0;
}

Determining if the function pthread_create exists in the pthreads failed with the following output:
Change Dir: /home/lorenzo/OneDrive/PhD/Code/DART/build/CMakeFiles/CMakeTmp

Run Build Command(s):/usr/bin/make cmTC_3faf1/fast && /usr/bin/make -f CMakeFiles/cmTC_3faf1.dir/build.make CMakeFiles/cmTC_3faf1.dir/build
make[1]: Entering directory '/home/lorenzo/OneDrive/PhD/Code/DART/build/CMakeFiles/CMakeTmp'
Building C object CMakeFiles/cmTC_3faf1.dir/CheckFunctionExists.c.o
/usr/bin/cc   -DCHECK_FUNCTION_EXISTS=pthread_create   -o CMakeFiles/cmTC_3faf1.dir/CheckFunctionExists.c.o   -c /usr/share/cmake-3.16/Modules/CheckFunctionExists.c
Linking C executable cmTC_3faf1
/usr/bin/cmake -E cmake_link_script CMakeFiles/cmTC_3faf1.dir/link.txt --verbose=1
/usr/bin/cc  -DCHECK_FUNCTION_EXISTS=pthread_create    -rdynamic CMakeFiles/cmTC_3faf1.dir/CheckFunctionExists.c.o  -o cmTC_3faf1  -lpthreads 
/usr/bin/ld: cannot find -lpthreads
collect2: error: ld returned 1 exit status
make[1]: *** [CMakeFiles/cmTC_3faf1.dir/build.make:87: cmTC_3faf1] Error 1
make[1]: Leaving directory '/home/lorenzo/OneDrive/PhD/Code/DART/build/CMakeFiles/CMakeTmp'
make: *** [Makefile:121: cmTC_3faf1/fast] Error 2



Performing C SOURCE FILE Test CMAKE_HAVE_LIBC_PTHREAD failed with the following output:
Change Dir: /home/lorenzo/OneDrive/PhD/Code/DART/build/CMakeFiles/CMakeTmp

Run Build Command(s):/usr/bin/make cmTC_b955d/fast && /usr/bin/make -f CMakeFiles/cmTC_b955d.dir/build.make CMakeFiles/cmTC_b955d.dir/build
make[1]: Entering directory '/home/lorenzo/OneDrive/PhD/Code/DART/build/CMakeFiles/CMakeTmp'
Building C object CMakeFiles/cmTC_b955d.dir/src.c.o
/usr/bin/cc   -DCMAKE_HAVE_LIBC_PTHREAD   -o CMakeFiles/cmTC_b955d.dir/src.c.o   -c /home/lorenzo/OneDrive/PhD/Code/DART/build/CMakeFiles/CMakeTmp/src.c
Linking C executable cmTC_b955d
/usr/bin/cmake -E cmake_link_script CMakeFiles/cmTC_b955d.dir/link.txt --verbose=1
/usr/bin/cc  -DCMAKE_HAVE_LIBC_PTHREAD    -rdynamic CMakeFiles/cmTC_b955d.dir/src.c.o  -o cmTC_b955d 
/usr/bin/ld: CMakeFiles/cmTC_b955d.dir/src.c.o: in function `main':
src.c:(.text+0x46): undefined reference to `pthread_create'
/usr/bin/ld: src.c:(.text+0x52): undefined reference to `pthread_detach'
/usr/bin/ld: src.c:(.text+0x63): undefined reference to `pthread_join'
collect2: error: ld returned 1 exit status
make[1]: *** [CMakeFiles/cmTC_b955d.dir/build.make:87: cmTC_b955d] Error 1
make[1]: Leaving directory '/home/lorenzo/OneDrive/PhD/Code/DART/build/CMakeFiles/CMakeTmp'
make: *** [Makefile:121: cmTC_b955d/fast] Error 2


Source file was:
#include <pthread.h>

void* test_func(void* data)
{
  return data;
}

int main(void)
{
  pthread_t thread;
  pthread_create(&thread, NULL, test_func, NULL);
  pthread_detach(thread);
  pthread_join(thread, NULL);
  pthread_atfork(NULL, NULL, NULL);
  pthread_exit(NULL);

  return 0;
}

Determining if the function pthread_create exists in the pthreads failed with the following output:
Change Dir: /home/lorenzo/OneDrive/PhD/Code/DART/build/CMakeFiles/CMakeTmp

Run Build Command(s):/usr/bin/make cmTC_40cec/fast && /usr/bin/make -f CMakeFiles/cmTC_40cec.dir/build.make CMakeFiles/cmTC_40cec.dir/build
make[1]: Entering directory '/home/lorenzo/OneDrive/PhD/Code/DART/build/CMakeFiles/CMakeTmp'
Building C object CMakeFiles/cmTC_40cec.dir/CheckFunctionExists.c.o
/usr/bin/cc   -DCHECK_FUNCTION_EXISTS=pthread_create   -o CMakeFiles/cmTC_40cec.dir/CheckFunctionExists.c.o   -c /usr/share/cmake-3.16/Modules/CheckFunctionExists.c
Linking C executable cmTC_40cec
/usr/bin/cmake -E cmake_link_script CMakeFiles/cmTC_40cec.dir/link.txt --verbose=1
/usr/bin/cc  -DCHECK_FUNCTION_EXISTS=pthread_create    -rdynamic CMakeFiles/cmTC_40cec.dir/CheckFunctionExists.c.o  -o cmTC_40cec  -lpthreads 
/usr/bin/ld: cannot find -lpthreads
collect2: error: ld returned 1 exit status
make[1]: *** [CMakeFiles/cmTC_40cec.dir/build.make:87: cmTC_40cec] Error 1
make[1]: Leaving directory '/home/lorenzo/OneDrive/PhD/Code/DART/build/CMakeFiles/CMakeTmp'
make: *** [Makefile:121: cmTC_40cec/fast] Error 2



Performing C SOURCE FILE Test CMAKE_HAVE_LIBC_PTHREAD failed with the following output:
Change Dir: /home/lorenzo/OneDrive/PhD/Code/DART/build/CMakeFiles/CMakeTmp

Run Build Command(s):/usr/bin/make cmTC_58bf2/fast && /usr/bin/make -f CMakeFiles/cmTC_58bf2.dir/build.make CMakeFiles/cmTC_58bf2.dir/build
make[1]: Entering directory '/home/lorenzo/OneDrive/PhD/Code/DART/build/CMakeFiles/CMakeTmp'
Building C object CMakeFiles/cmTC_58bf2.dir/src.c.o
/usr/bin/cc   -DCMAKE_HAVE_LIBC_PTHREAD   -o CMakeFiles/cmTC_58bf2.dir/src.c.o   -c /home/lorenzo/OneDrive/PhD/Code/DART/build/CMakeFiles/CMakeTmp/src.c
Linking C executable cmTC_58bf2
/usr/bin/cmake -E cmake_link_script CMakeFiles/cmTC_58bf2.dir/link.txt --verbose=1
/usr/bin/cc  -DCMAKE_HAVE_LIBC_PTHREAD    -rdynamic CMakeFiles/cmTC_58bf2.dir/src.c.o  -o cmTC_58bf2 
/usr/bin/ld: CMakeFiles/cmTC_58bf2.dir/src.c.o: in function `main':
src.c:(.text+0x46): undefined reference to `pthread_create'
/usr/bin/ld: src.c:(.text+0x52): undefined reference to `pthread_detach'
/usr/bin/ld: src.c:(.text+0x63): undefined reference to `pthread_join'
collect2: error: ld returned 1 exit status
make[1]: *** [CMakeFiles/cmTC_58bf2.dir/build.make:87: cmTC_58bf2] Error 1
make[1]: Leaving directory '/home/lorenzo/OneDrive/PhD/Code/DART/build/CMakeFiles/CMakeTmp'
make: *** [Makefile:121: cmTC_58bf2/fast] Error 2


Source file was:
#include <pthread.h>

void* test_func(void* data)
{
  return data;
}

int main(void)
{
  pthread_t thread;
  pthread_create(&thread, NULL, test_func, NULL);
  pthread_detach(thread);
  pthread_join(thread, NULL);
  pthread_atfork(NULL, NULL, NULL);
  pthread_exit(NULL);

  return 0;
}

Determining if the function pthread_create exists in the pthreads failed with the following output:
Change Dir: /home/lorenzo/OneDrive/PhD/Code/DART/build/CMakeFiles/CMakeTmp

Run Build Command(s):/usr/bin/make cmTC_d6945/fast && /usr/bin/make -f CMakeFiles/cmTC_d6945.dir/build.make CMakeFiles/cmTC_d6945.dir/build
make[1]: Entering directory '/home/lorenzo/OneDrive/PhD/Code/DART/build/CMakeFiles/CMakeTmp'
Building C object CMakeFiles/cmTC_d6945.dir/CheckFunctionExists.c.o
/usr/bin/cc   -DCHECK_FUNCTION_EXISTS=pthread_create   -o CMakeFiles/cmTC_d6945.dir/CheckFunctionExists.c.o   -c /usr/share/cmake-3.16/Modules/CheckFunctionExists.c
Linking C executable cmTC_d6945
/usr/bin/cmake -E cmake_link_script CMakeFiles/cmTC_d6945.dir/link.txt --verbose=1
/usr/bin/cc  -DCHECK_FUNCTION_EXISTS=pthread_create    -rdynamic CMakeFiles/cmTC_d6945.dir/CheckFunctionExists.c.o  -o cmTC_d6945  -lpthreads 
/usr/bin/ld: cannot find -lpthreads
collect2: error: ld returned 1 exit status
make[1]: *** [CMakeFiles/cmTC_d6945.dir/build.make:87: cmTC_d6945] Error 1
make[1]: Leaving directory '/home/lorenzo/OneDrive/PhD/Code/DART/build/CMakeFiles/CMakeTmp'
make: *** [Makefile:121: cmTC_d6945/fast] Error 2



Performing C SOURCE FILE Test CMAKE_HAVE_LIBC_PTHREAD failed with the following output:
Change Dir: /home/lorenzo/OneDrive/PhD/Code/DART/build/CMakeFiles/CMakeTmp

Run Build Command(s):/usr/bin/make cmTC_b8172/fast && /usr/bin/make -f CMakeFiles/cmTC_b8172.dir/build.make CMakeFiles/cmTC_b8172.dir/build
make[1]: Entering directory '/home/lorenzo/OneDrive/PhD/Code/DART/build/CMakeFiles/CMakeTmp'
Building C object CMakeFiles/cmTC_b8172.dir/src.c.o
/usr/bin/cc   -DCMAKE_HAVE_LIBC_PTHREAD   -o CMakeFiles/cmTC_b8172.dir/src.c.o   -c /home/lorenzo/OneDrive/PhD/Code/DART/build/CMakeFiles/CMakeTmp/src.c
Linking C executable cmTC_b8172
/usr/bin/cmake -E cmake_link_script CMakeFiles/cmTC_b8172.dir/link.txt --verbose=1
/usr/bin/cc  -DCMAKE_HAVE_LIBC_PTHREAD    -rdynamic CMakeFiles/cmTC_b8172.dir/src.c.o  -o cmTC_b8172 
/usr/bin/ld: CMakeFiles/cmTC_b8172.dir/src.c.o: in function `main':
src.c:(.text+0x46): undefined reference to `pthread_create'
/usr/bin/ld: src.c:(.text+0x52): undefined reference to `pthread_detach'
/usr/bin/ld: src.c:(.text+0x63): undefined reference to `pthread_join'
collect2: error: ld returned 1 exit status
make[1]: *** [CMakeFiles/cmTC_b8172.dir/build.make:87: cmTC_b8172] Error 1
make[1]: Leaving directory '/home/lorenzo/OneDrive/PhD/Code/DART/build/CMakeFiles/CMakeTmp'
make: *** [Makefile:121: cmTC_b8172/fast] Error 2


Source file was:
#include <pthread.h>

void* test_func(void* data)
{
  return data;
}

int main(void)
{
  pthread_t thread;
  pthread_create(&thread, NULL, test_func, NULL);
  pthread_detach(thread);
  pthread_join(thread, NULL);
  pthread_atfork(NULL, NULL, NULL);
  pthread_exit(NULL);

  return 0;
}

Determining if the function pthread_create exists in the pthreads failed with the following output:
Change Dir: /home/lorenzo/OneDrive/PhD/Code/DART/build/CMakeFiles/CMakeTmp

Run Build Command(s):/usr/bin/make cmTC_59f05/fast && /usr/bin/make -f CMakeFiles/cmTC_59f05.dir/build.make CMakeFiles/cmTC_59f05.dir/build
make[1]: Entering directory '/home/lorenzo/OneDrive/PhD/Code/DART/build/CMakeFiles/CMakeTmp'
Building C object CMakeFiles/cmTC_59f05.dir/CheckFunctionExists.c.o
/usr/bin/cc   -DCHECK_FUNCTION_EXISTS=pthread_create   -o CMakeFiles/cmTC_59f05.dir/CheckFunctionExists.c.o   -c /usr/share/cmake-3.16/Modules/CheckFunctionExists.c
Linking C executable cmTC_59f05
/usr/bin/cmake -E cmake_link_script CMakeFiles/cmTC_59f05.dir/link.txt --verbose=1
/usr/bin/cc  -DCHECK_FUNCTION_EXISTS=pthread_create    -rdynamic CMakeFiles/cmTC_59f05.dir/CheckFunctionExists.c.o  -o cmTC_59f05  -lpthreads 
/usr/bin/ld: cannot find -lpthreads
collect2: error: ld returned 1 exit status
make[1]: *** [CMakeFiles/cmTC_59f05.dir/build.make:87: cmTC_59f05] Error 1
make[1]: Leaving directory '/home/lorenzo/OneDrive/PhD/Code/DART/build/CMakeFiles/CMakeTmp'
make: *** [Makefile:121: cmTC_59f05/fast] Error 2



Performing C SOURCE FILE Test CMAKE_HAVE_LIBC_PTHREAD failed with the following output:
Change Dir: /home/lorenzo/OneDrive/PhD/Code/DART/build/CMakeFiles/CMakeTmp

Run Build Command(s):/usr/bin/make cmTC_44301/fast && /usr/bin/make -f CMakeFiles/cmTC_44301.dir/build.make CMakeFiles/cmTC_44301.dir/build
make[1]: Entering directory '/home/lorenzo/OneDrive/PhD/Code/DART/build/CMakeFiles/CMakeTmp'
Building C object CMakeFiles/cmTC_44301.dir/src.c.o
/usr/bin/cc   -DCMAKE_HAVE_LIBC_PTHREAD   -o CMakeFiles/cmTC_44301.dir/src.c.o   -c /home/lorenzo/OneDrive/PhD/Code/DART/build/CMakeFiles/CMakeTmp/src.c
Linking C executable cmTC_44301
/usr/bin/cmake -E cmake_link_script CMakeFiles/cmTC_44301.dir/link.txt --verbose=1
/usr/bin/cc  -DCMAKE_HAVE_LIBC_PTHREAD    -rdynamic CMakeFiles/cmTC_44301.dir/src.c.o  -o cmTC_44301 
/usr/bin/ld: CMakeFiles/cmTC_44301.dir/src.c.o: in function `main':
src.c:(.text+0x46): undefined reference to `pthread_create'
/usr/bin/ld: src.c:(.text+0x52): undefined reference to `pthread_detach'
/usr/bin/ld: src.c:(.text+0x63): undefined reference to `pthread_join'
collect2: error: ld returned 1 exit status
make[1]: *** [CMakeFiles/cmTC_44301.dir/build.make:87: cmTC_44301] Error 1
make[1]: Leaving directory '/home/lorenzo/OneDrive/PhD/Code/DART/build/CMakeFiles/CMakeTmp'
make: *** [Makefile:121: cmTC_44301/fast] Error 2


Source file was:
#include <pthread.h>

void* test_func(void* data)
{
  return data;
}

int main(void)
{
  pthread_t thread;
  pthread_create(&thread, NULL, test_func, NULL);
  pthread_detach(thread);
  pthread_join(thread, NULL);
  pthread_atfork(NULL, NULL, NULL);
  pthread_exit(NULL);

  return 0;
}

Determining if the function pthread_create exists in the pthreads failed with the following output:
Change Dir: /home/lorenzo/OneDrive/PhD/Code/DART/build/CMakeFiles/CMakeTmp

Run Build Command(s):/usr/bin/make cmTC_7914a/fast && /usr/bin/make -f CMakeFiles/cmTC_7914a.dir/build.make CMakeFiles/cmTC_7914a.dir/build
make[1]: Entering directory '/home/lorenzo/OneDrive/PhD/Code/DART/build/CMakeFiles/CMakeTmp'
Building C object CMakeFiles/cmTC_7914a.dir/CheckFunctionExists.c.o
/usr/bin/cc   -DCHECK_FUNCTION_EXISTS=pthread_create   -o CMakeFiles/cmTC_7914a.dir/CheckFunctionExists.c.o   -c /usr/share/cmake-3.16/Modules/CheckFunctionExists.c
Linking C executable cmTC_7914a
/usr/bin/cmake -E cmake_link_script CMakeFiles/cmTC_7914a.dir/link.txt --verbose=1
/usr/bin/cc  -DCHECK_FUNCTION_EXISTS=pthread_create    -rdynamic CMakeFiles/cmTC_7914a.dir/CheckFunctionExists.c.o  -o cmTC_7914a  -lpthreads 
/usr/bin/ld: cannot find -lpthreads
collect2: error: ld returned 1 exit status
make[1]: *** [CMakeFiles/cmTC_7914a.dir/build.make:87: cmTC_7914a] Error 1
make[1]: Leaving directory '/home/lorenzo/OneDrive/PhD/Code/DART/build/CMakeFiles/CMakeTmp'
make: *** [Makefile:121: cmTC_7914a/fast] Error 2



